# JRE version: OpenJDK Runtime Environment Temurin-17.0.4.1+1 (17.0.4.1+1) (build 17.0.4.1+1)
# Java VM: OpenJDK 64-Bit Server VM Temurin-17.0.4.1+1 (17.0.4.1+1, mixed mode, tiered, compressed oops, compressed class ptrs, parallel gc, windows-amd64)
GC Precious Log:
 CPUs: 20 total, 20 available
 Memory: 32509M
 Large Page Support: Disabled
 NUMA Support: Disabled
 Compressed Oops: Enabled (32-bit)
 Alignments: Space 512K, Generation 512K, Heap 2M
 Heap Min Capacity: 100M
 Heap Initial Capacity: 100M
 Heap Max Capacity: 1G
 Pre-touch: Disabled
 Parallel Workers: 15
Heap:
 PSYoungGen      total 6656K, used 1247K [0x00000000eab00000, 0x00000000eb880000, 0x0000000100000000)
  eden space 5120K, 0% used [0x00000000eab00000,0x00000000eab00000,0x00000000eb000000)
  from space 1536K, 81% used [0x00000000eb000000,0x00000000eb137c70,0x00000000eb180000)
  to   space 3584K, 0% used [0x00000000eb500000,0x00000000eb500000,0x00000000eb880000)
 ParOldGen       total 177664K, used 175836K [0x00000000c0000000, 0x00000000cad80000, 0x00000000eab00000)
  object space 177664K, 98% used [0x00000000c0000000,0x00000000cabb7378,0x00000000cad80000)
 Metaspace       used 93097K, committed 94336K, reserved 1138688K
  class space    used 9252K, committed 9856K, reserved 1048576K
GC Heap History (20 events):
Event: 4193.912 GC heap after
{Heap after GC invocations=8069 (full 177):
 PSYoungGen      total 9728K, used 570K [0x00000000eab00000, 0x00000000eb680000, 0x0000000100000000)
  eden space 8704K, 0% used [0x00000000eab00000,0x00000000eab00000,0x00000000eb380000)
  from space 1024K, 55% used [0x00000000eb580000,0x00000000eb60e900,0x00000000eb680000)
  to   space 1024K, 0% used [0x00000000eb480000,0x00000000eb480000,0x00000000eb580000)
 ParOldGen       total 177664K, used 155962K [0x00000000c0000000, 0x00000000cad80000, 0x00000000eab00000)
  object space 177664K, 87% used [0x00000000c0000000,0x00000000c984e988,0x00000000cad80000)
 Metaspace       used 93085K, committed 94272K, reserved 1138688K
  class space    used 9252K, committed 9856K, reserved 1048576K
}
Event: 4193.921 GC heap before
{Heap before GC invocations=8070 (full 177):
 PSYoungGen      total 9728K, used 9274K [0x00000000eab00000, 0x00000000eb680000, 0x0000000100000000)
  eden space 8704K, 100% used [0x00000000eab00000,0x00000000eb380000,0x00000000eb380000)
  from space 1024K, 55% used [0x00000000eb580000,0x00000000eb60e900,0x00000000eb680000)
  to   space 1024K, 0% used [0x00000000eb480000,0x00000000eb480000,0x00000000eb580000)
 ParOldGen       total 177664K, used 155962K [0x00000000c0000000, 0x00000000cad80000, 0x00000000eab00000)
  object space 177664K, 87% used [0x00000000c0000000,0x00000000c984e988,0x00000000cad80000)
 Metaspace       used 93091K, committed 94336K, reserved 1138688K
  class space    used 9252K, committed 9856K, reserved 1048576K
}
Event: 4193.922 GC heap after
{Heap after GC invocations=8070 (full 177):
 PSYoungGen      total 9728K, used 1022K [0x00000000eab00000, 0x00000000eb780000, 0x0000000100000000)
  eden space 8704K, 0% used [0x00000000eab00000,0x00000000eab00000,0x00000000eb380000)
  from space 1024K, 99% used [0x00000000eb480000,0x00000000eb57fb10,0x00000000eb580000)
  to   space 2048K, 0% used [0x00000000eb580000,0x00000000eb580000,0x00000000eb780000)
 ParOldGen       total 177664K, used 156634K [0x00000000c0000000, 0x00000000cad80000, 0x00000000eab00000)
  object space 177664K, 88% used [0x00000000c0000000,0x00000000c98f6988,0x00000000cad80000)
 Metaspace       used 93091K, committed 94336K, reserved 1138688K
  class space    used 9252K, committed 9856K, reserved 1048576K
}
Event: 4196.541 GC heap before
{Heap before GC invocations=8071 (full 177):
 PSYoungGen      total 9728K, used 9726K [0x00000000eab00000, 0x00000000eb780000, 0x0000000100000000)
  eden space 8704K, 100% used [0x00000000eab00000,0x00000000eb380000,0x00000000eb380000)
  from space 1024K, 99% used [0x00000000eb480000,0x00000000eb57fb10,0x00000000eb580000)
  to   space 2048K, 0% used [0x00000000eb580000,0x00000000eb580000,0x00000000eb780000)
 ParOldGen       total 177664K, used 156634K [0x00000000c0000000, 0x00000000cad80000, 0x00000000eab00000)
  object space 177664K, 88% used [0x00000000c0000000,0x00000000c98f6988,0x00000000cad80000)
 Metaspace       used 93095K, committed 94336K, reserved 1138688K
  class space    used 9252K, committed 9856K, reserved 1048576K
}
Event: 4196.542 GC heap after
{Heap after GC invocations=8071 (full 177):
 PSYoungGen      total 9728K, used 704K [0x00000000eab00000, 0x00000000eb680000, 0x0000000100000000)
  eden space 8704K, 0% used [0x00000000eab00000,0x00000000eab00000,0x00000000eb380000)
  from space 1024K, 68% used [0x00000000eb580000,0x00000000eb630000,0x00000000eb680000)
  to   space 1536K, 0% used [0x00000000eb380000,0x00000000eb380000,0x00000000eb500000)
 ParOldGen       total 177664K, used 157543K [0x00000000c0000000, 0x00000000cad80000, 0x00000000eab00000)
  object space 177664K, 88% used [0x00000000c0000000,0x00000000c99d9dd8,0x00000000cad80000)
 Metaspace       used 93095K, committed 94336K, reserved 1138688K
  class space    used 9252K, committed 9856K, reserved 1048576K
}
Event: 4196.855 GC heap before
{Heap before GC invocations=8072 (full 177):
 PSYoungGen      total 9728K, used 9408K [0x00000000eab00000, 0x00000000eb680000, 0x0000000100000000)
  eden space 8704K, 100% used [0x00000000eab00000,0x00000000eb380000,0x00000000eb380000)
  from space 1024K, 68% used [0x00000000eb580000,0x00000000eb630000,0x00000000eb680000)
  to   space 1536K, 0% used [0x00000000eb380000,0x00000000eb380000,0x00000000eb500000)
 ParOldGen       total 177664K, used 157543K [0x00000000c0000000, 0x00000000cad80000, 0x00000000eab00000)
  object space 177664K, 88% used [0x00000000c0000000,0x00000000c99d9dd8,0x00000000cad80000)
 Metaspace       used 93095K, committed 94336K, reserved 1138688K
  class space    used 9252K, committed 9856K, reserved 1048576K
}
Event: 4196.858 GC heap after
{Heap after GC invocations=8072 (full 177):
 PSYoungGen      total 10240K, used 1513K [0x00000000eab00000, 0x00000000ec080000, 0x0000000100000000)
  eden space 8704K, 0% used [0x00000000eab00000,0x00000000eab00000,0x00000000eb380000)
  from space 1536K, 98% used [0x00000000eb380000,0x00000000eb4fa690,0x00000000eb500000)
  to   space 6656K, 0% used [0x00000000eba00000,0x00000000eba00000,0x00000000ec080000)
 ParOldGen       total 177664K, used 161715K [0x00000000c0000000, 0x00000000cad80000, 0x00000000eab00000)
  object space 177664K, 91% used [0x00000000c0000000,0x00000000c9decff8,0x00000000cad80000)
 Metaspace       used 93095K, committed 94336K, reserved 1138688K
  class space    used 9252K, committed 9856K, reserved 1048576K
}
Event: 4196.936 GC heap before
{Heap before GC invocations=8073 (full 177):
 PSYoungGen      total 10240K, used 10217K [0x00000000eab00000, 0x00000000ec080000, 0x0000000100000000)
  eden space 8704K, 100% used [0x00000000eab00000,0x00000000eb380000,0x00000000eb380000)
  from space 1536K, 98% used [0x00000000eb380000,0x00000000eb4fa690,0x00000000eb500000)
  to   space 6656K, 0% used [0x00000000eba00000,0x00000000eba00000,0x00000000ec080000)
 ParOldGen       total 177664K, used 161715K [0x00000000c0000000, 0x00000000cad80000, 0x00000000eab00000)
  object space 177664K, 91% used [0x00000000c0000000,0x00000000c9decff8,0x00000000cad80000)
 Metaspace       used 93095K, committed 94336K, reserved 1138688K
  class space    used 9252K, committed 9856K, reserved 1048576K
}
Event: 4196.939 GC heap after
{Heap after GC invocations=8073 (full 177):
 PSYoungGen      total 12288K, used 3386K [0x00000000eab00000, 0x00000000ebd80000, 0x0000000100000000)
  eden space 8704K, 0% used [0x00000000eab00000,0x00000000eab00000,0x00000000eb380000)
  from space 3584K, 94% used [0x00000000eba00000,0x00000000ebd4e900,0x00000000ebd80000)
  to   space 4608K, 0% used [0x00000000eb480000,0x00000000eb480000,0x00000000eb900000)
 ParOldGen       total 177664K, used 163199K [0x00000000c0000000, 0x00000000cad80000, 0x00000000eab00000)
  object space 177664K, 91% used [0x00000000c0000000,0x00000000c9f5fd98,0x00000000cad80000)
 Metaspace       used 93095K, committed 94336K, reserved 1138688K
  class space    used 9252K, committed 9856K, reserved 1048576K
}
Event: 4196.999 GC heap before
{Heap before GC invocations=8074 (full 177):
 PSYoungGen      total 12288K, used 12090K [0x00000000eab00000, 0x00000000ebd80000, 0x0000000100000000)
  eden space 8704K, 100% used [0x00000000eab00000,0x00000000eb380000,0x00000000eb380000)
  from space 3584K, 94% used [0x00000000eba00000,0x00000000ebd4e900,0x00000000ebd80000)
  to   space 4608K, 0% used [0x00000000eb480000,0x00000000eb480000,0x00000000eb900000)
 ParOldGen       total 177664K, used 163199K [0x00000000c0000000, 0x00000000cad80000, 0x00000000eab00000)
  object space 177664K, 91% used [0x00000000c0000000,0x00000000c9f5fd98,0x00000000cad80000)
 Metaspace       used 93095K, committed 94336K, reserved 1138688K
  class space    used 9252K, committed 9856K, reserved 1048576K
}
Event: 4197.002 GC heap after
{Heap after GC invocations=8074 (full 177):
 PSYoungGen      total 9216K, used 298K [0x00000000eab00000, 0x00000000eba80000, 0x0000000100000000)
  eden space 8704K, 0% used [0x00000000eab00000,0x00000000eab00000,0x00000000eb380000)
  from space 512K, 58% used [0x00000000eb480000,0x00000000eb4ca910,0x00000000eb500000)
  to   space 2048K, 0% used [0x00000000eb880000,0x00000000eb880000,0x00000000eba80000)
 ParOldGen       total 177664K, used 166507K [0x00000000c0000000, 0x00000000cad80000, 0x00000000eab00000)
  object space 177664K, 93% used [0x00000000c0000000,0x00000000ca29af98,0x00000000cad80000)
 Metaspace       used 93095K, committed 94336K, reserved 1138688K
  class space    used 9252K, committed 9856K, reserved 1048576K
}
Event: 4197.013 GC heap before
{Heap before GC invocations=8075 (full 177):
 PSYoungGen      total 9216K, used 9002K [0x00000000eab00000, 0x00000000eba80000, 0x0000000100000000)
  eden space 8704K, 100% used [0x00000000eab00000,0x00000000eb380000,0x00000000eb380000)
  from space 512K, 58% used [0x00000000eb480000,0x00000000eb4ca910,0x00000000eb500000)
  to   space 2048K, 0% used [0x00000000eb880000,0x00000000eb880000,0x00000000eba80000)
 ParOldGen       total 177664K, used 166507K [0x00000000c0000000, 0x00000000cad80000, 0x00000000eab00000)
  object space 177664K, 93% used [0x00000000c0000000,0x00000000ca29af98,0x00000000cad80000)
 Metaspace       used 93095K, committed 94336K, reserved 1138688K
  class space    used 9252K, committed 9856K, reserved 1048576K
}
Event: 4197.014 GC heap after
{Heap after GC invocations=8075 (full 177):
 PSYoungGen      total 9728K, used 960K [0x00000000eab00000, 0x00000000eb980000, 0x0000000100000000)
  eden space 8704K, 0% used [0x00000000eab00000,0x00000000eab00000,0x00000000eb380000)
  from space 1024K, 93% used [0x00000000eb880000,0x00000000eb970000,0x00000000eb980000)
  to   space 1536K, 0% used [0x00000000eb680000,0x00000000eb680000,0x00000000eb800000)
 ParOldGen       total 177664K, used 166656K [0x00000000c0000000, 0x00000000cad80000, 0x00000000eab00000)
  object space 177664K, 93% used [0x00000000c0000000,0x00000000ca2c01b8,0x00000000cad80000)
 Metaspace       used 93095K, committed 94336K, reserved 1138688K
  class space    used 9252K, committed 9856K, reserved 1048576K
}
Event: 4198.124 GC heap before
{Heap before GC invocations=8076 (full 177):
 PSYoungGen      total 9728K, used 9664K [0x00000000eab00000, 0x00000000eb980000, 0x0000000100000000)
  eden space 8704K, 100% used [0x00000000eab00000,0x00000000eb380000,0x00000000eb380000)
  from space 1024K, 93% used [0x00000000eb880000,0x00000000eb970000,0x00000000eb980000)
  to   space 1536K, 0% used [0x00000000eb680000,0x00000000eb680000,0x00000000eb800000)
 ParOldGen       total 177664K, used 166656K [0x00000000c0000000, 0x00000000cad80000, 0x00000000eab00000)
  object space 177664K, 93% used [0x00000000c0000000,0x00000000ca2c01b8,0x00000000cad80000)
 Metaspace       used 93095K, committed 94336K, reserved 1138688K
  class space    used 9252K, committed 9856K, reserved 1048576K
}
Event: 4198.126 GC heap after
{Heap after GC invocations=8076 (full 177):
 PSYoungGen      total 10240K, used 1507K [0x00000000eab00000, 0x00000000ebb80000, 0x0000000100000000)
  eden space 8704K, 0% used [0x00000000eab00000,0x00000000eab00000,0x00000000eb380000)
  from space 1536K, 98% used [0x00000000eb680000,0x00000000eb7f8f90,0x00000000eb800000)
  to   space 3584K, 0% used [0x00000000eb800000,0x00000000eb800000,0x00000000ebb80000)
 ParOldGen       total 177664K, used 168700K [0x00000000c0000000, 0x00000000cad80000, 0x00000000eab00000)
  object space 177664K, 94% used [0x00000000c0000000,0x00000000ca4bf1c8,0x00000000cad80000)
 Metaspace       used 93095K, committed 94336K, reserved 1138688K
  class space    used 9252K, committed 9856K, reserved 1048576K
}
Event: 4198.143 GC heap before
{Heap before GC invocations=8077 (full 177):
 PSYoungGen      total 10240K, used 10211K [0x00000000eab00000, 0x00000000ebb80000, 0x0000000100000000)
  eden space 8704K, 100% used [0x00000000eab00000,0x00000000eb380000,0x00000000eb380000)
  from space 1536K, 98% used [0x00000000eb680000,0x00000000eb7f8f90,0x00000000eb800000)
  to   space 3584K, 0% used [0x00000000eb800000,0x00000000eb800000,0x00000000ebb80000)
 ParOldGen       total 177664K, used 168700K [0x00000000c0000000, 0x00000000cad80000, 0x00000000eab00000)
  object space 177664K, 94% used [0x00000000c0000000,0x00000000ca4bf1c8,0x00000000cad80000)
 Metaspace       used 93095K, committed 94336K, reserved 1138688K
  class space    used 9252K, committed 9856K, reserved 1048576K
}
Event: 4198.146 GC heap after
{Heap after GC invocations=8077 (full 177):
 PSYoungGen      total 8704K, used 3566K [0x00000000eab00000, 0x00000000ec380000, 0x0000000100000000)
  eden space 5120K, 0% used [0x00000000eab00000,0x00000000eab00000,0x00000000eb000000)
  from space 3584K, 99% used [0x00000000eb800000,0x00000000ebb7bb00,0x00000000ebb80000)
  to   space 8192K, 0% used [0x00000000eb000000,0x00000000eb000000,0x00000000eb800000)
 ParOldGen       total 177664K, used 172355K [0x00000000c0000000, 0x00000000cad80000, 0x00000000eab00000)
  object space 177664K, 97% used [0x00000000c0000000,0x00000000ca850f58,0x00000000cad80000)
 Metaspace       used 93095K, committed 94336K, reserved 1138688K
  class space    used 9252K, committed 9856K, reserved 1048576K
}
Event: 4198.872 GC heap before
{Heap before GC invocations=8078 (full 177):
 PSYoungGen      total 8704K, used 8686K [0x00000000eab00000, 0x00000000ec380000, 0x0000000100000000)
  eden space 5120K, 100% used [0x00000000eab00000,0x00000000eb000000,0x00000000eb000000)
  from space 3584K, 99% used [0x00000000eb800000,0x00000000ebb7bb00,0x00000000ebb80000)
  to   space 8192K, 0% used [0x00000000eb000000,0x00000000eb000000,0x00000000eb800000)
 ParOldGen       total 177664K, used 172355K [0x00000000c0000000, 0x00000000cad80000, 0x00000000eab00000)
  object space 177664K, 97% used [0x00000000c0000000,0x00000000ca850f58,0x00000000cad80000)
 Metaspace       used 93097K, committed 94336K, reserved 1138688K
  class space    used 9252K, committed 9856K, reserved 1048576K
}
Event: 4198.876 GC heap after
{Heap after GC invocations=8078 (full 177):
 PSYoungGen      total 6656K, used 1247K [0x00000000eab00000, 0x00000000eb880000, 0x0000000100000000)
  eden space 5120K, 0% used [0x00000000eab00000,0x00000000eab00000,0x00000000eb000000)
  from space 1536K, 81% used [0x00000000eb000000,0x00000000eb137c70,0x00000000eb180000)
  to   space 3584K, 0% used [0x00000000eb500000,0x00000000eb500000,0x00000000eb880000)
 ParOldGen       total 177664K, used 175836K [0x00000000c0000000, 0x00000000cad80000, 0x00000000eab00000)
  object space 177664K, 98% used [0x00000000c0000000,0x00000000cabb7378,0x00000000cad80000)
 Metaspace       used 93097K, committed 94336K, reserved 1138688K
  class space    used 9252K, committed 9856K, reserved 1048576K
}
Event: 4198.876 GC heap before
{Heap before GC invocations=8079 (full 178):
 PSYoungGen      total 6656K, used 1247K [0x00000000eab00000, 0x00000000eb880000, 0x0000000100000000)
  eden space 5120K, 0% used [0x00000000eab00000,0x00000000eab00000,0x00000000eb000000)
  from space 1536K, 81% used [0x00000000eb000000,0x00000000eb137c70,0x00000000eb180000)
  to   space 3584K, 0% used [0x00000000eb500000,0x00000000eb500000,0x00000000eb880000)
 ParOldGen       total 177664K, used 175836K [0x00000000c0000000, 0x00000000cad80000, 0x00000000eab00000)
  object space 177664K, 98% used [0x00000000c0000000,0x00000000cabb7378,0x00000000cad80000)
 Metaspace       used 93097K, committed 94336K, reserved 1138688K
  class space    used 9252K, committed 9856K, reserved 1048576K
}

